[0.602s] Invoking command in '/home/albertomiranda/Documents/github/ponderada3m8/pacote': PYTHONPATH=/home/albertomiranda/Documents/github/ponderada3m8/pacote/build/pacote/prefix_override:/home/albertomiranda/Documents/github/ponderada3m8/pacote/install/pacote/lib/python3.10/site-packages:${PYTHONPATH} /usr/bin/python3 setup.py egg_info --egg-base build/pacote build --build-base /home/albertomiranda/Documents/github/ponderada3m8/pacote/build/pacote/build install --record /home/albertomiranda/Documents/github/ponderada3m8/pacote/build/pacote/install.log --single-version-externally-managed
[0.802s] running egg_info
[0.803s] creating build/pacote/pacote.egg-info
[0.803s] writing build/pacote/pacote.egg-info/PKG-INFO
[0.803s] writing dependency_links to build/pacote/pacote.egg-info/dependency_links.txt
[0.803s] writing entry points to build/pacote/pacote.egg-info/entry_points.txt
[0.803s] writing requirements to build/pacote/pacote.egg-info/requires.txt
[0.803s] writing top-level names to build/pacote/pacote.egg-info/top_level.txt
[0.803s] writing manifest file 'build/pacote/pacote.egg-info/SOURCES.txt'
[0.805s] reading manifest file 'build/pacote/pacote.egg-info/SOURCES.txt'
[0.805s] writing manifest file 'build/pacote/pacote.egg-info/SOURCES.txt'
[0.805s] running build
[0.805s] running build_py
[0.805s] creating /home/albertomiranda/Documents/github/ponderada3m8/pacote/build/pacote/build
[0.805s] creating /home/albertomiranda/Documents/github/ponderada3m8/pacote/build/pacote/build/lib
[0.805s] creating /home/albertomiranda/Documents/github/ponderada3m8/pacote/build/pacote/build/lib/pacote
[0.805s] copying pacote/node.py -> /home/albertomiranda/Documents/github/ponderada3m8/pacote/build/pacote/build/lib/pacote
[0.806s] copying pacote/__init__.py -> /home/albertomiranda/Documents/github/ponderada3m8/pacote/build/pacote/build/lib/pacote
[0.806s] running install
[0.820s] /usr/lib/python3/dist-packages/setuptools/command/install.py:34: SetuptoolsDeprecationWarning: setup.py install is deprecated. Use build and pip and other standards-based tools.
[0.820s]   warnings.warn(
[0.820s] running install_lib
[0.821s] creating /home/albertomiranda/Documents/github/ponderada3m8/pacote/install/pacote/lib/python3.10/site-packages/pacote
[0.821s] copying /home/albertomiranda/Documents/github/ponderada3m8/pacote/build/pacote/build/lib/pacote/node.py -> /home/albertomiranda/Documents/github/ponderada3m8/pacote/install/pacote/lib/python3.10/site-packages/pacote
[0.821s] copying /home/albertomiranda/Documents/github/ponderada3m8/pacote/build/pacote/build/lib/pacote/__init__.py -> /home/albertomiranda/Documents/github/ponderada3m8/pacote/install/pacote/lib/python3.10/site-packages/pacote
[0.821s] byte-compiling /home/albertomiranda/Documents/github/ponderada3m8/pacote/install/pacote/lib/python3.10/site-packages/pacote/node.py to node.cpython-310.pyc
[0.821s] byte-compiling /home/albertomiranda/Documents/github/ponderada3m8/pacote/install/pacote/lib/python3.10/site-packages/pacote/__init__.py to __init__.cpython-310.pyc
[0.821s] running install_data
[0.822s] creating /home/albertomiranda/Documents/github/ponderada3m8/pacote/install/pacote/share/ament_index
[0.822s] creating /home/albertomiranda/Documents/github/ponderada3m8/pacote/install/pacote/share/ament_index/resource_index
[0.822s] creating /home/albertomiranda/Documents/github/ponderada3m8/pacote/install/pacote/share/ament_index/resource_index/packages
[0.822s] copying resource/pacote -> /home/albertomiranda/Documents/github/ponderada3m8/pacote/install/pacote/share/ament_index/resource_index/packages
[0.822s] copying package.xml -> /home/albertomiranda/Documents/github/ponderada3m8/pacote/install/pacote/share/pacote
[0.822s] running install_egg_info
[0.823s] Copying build/pacote/pacote.egg-info to /home/albertomiranda/Documents/github/ponderada3m8/pacote/install/pacote/lib/python3.10/site-packages/pacote-0.0.0-py3.10.egg-info
[0.824s] running install_scripts
[0.838s] Installing node script to /home/albertomiranda/Documents/github/ponderada3m8/pacote/install/pacote/lib/pacote
[0.838s] writing list of installed files to '/home/albertomiranda/Documents/github/ponderada3m8/pacote/build/pacote/install.log'
[0.854s] Invoked command in '/home/albertomiranda/Documents/github/ponderada3m8/pacote' returned '0': PYTHONPATH=/home/albertomiranda/Documents/github/ponderada3m8/pacote/build/pacote/prefix_override:/home/albertomiranda/Documents/github/ponderada3m8/pacote/install/pacote/lib/python3.10/site-packages:${PYTHONPATH} /usr/bin/python3 setup.py egg_info --egg-base build/pacote build --build-base /home/albertomiranda/Documents/github/ponderada3m8/pacote/build/pacote/build install --record /home/albertomiranda/Documents/github/ponderada3m8/pacote/build/pacote/install.log --single-version-externally-managed
