[0.272s] DEBUG:colcon:Command line arguments: ['/usr/bin/colcon', 'build']
[0.272s] DEBUG:colcon:Parsed command line arguments: Namespace(log_base=None, log_level=None, verb_name='build', build_base='build', install_base='install', merge_install=False, symlink_install=False, test_result_base=None, continue_on_error=False, executor='parallel', parallel_workers=16, event_handlers=None, ignore_user_meta=False, metas=['./colcon.meta'], base_paths=['.'], packages_ignore=None, packages_ignore_regex=None, paths=None, packages_up_to=None, packages_up_to_regex=None, packages_above=None, packages_above_and_dependencies=None, packages_above_depth=None, packages_select_by_dep=None, packages_skip_by_dep=None, packages_skip_up_to=None, packages_select_build_failed=False, packages_skip_build_finished=False, packages_select_test_failures=False, packages_skip_test_passed=False, packages_select=None, packages_skip=None, packages_select_regex=None, packages_skip_regex=None, packages_start=None, packages_end=None, allow_overriding=[], cmake_args=None, cmake_target=None, cmake_target_skip_unavailable=False, cmake_clean_cache=False, cmake_clean_first=False, cmake_force_configure=False, ament_cmake_args=None, catkin_cmake_args=None, catkin_skip_building_tests=False, verb_parser=<colcon_defaults.argument_parser.defaults.DefaultArgumentsDecorator object at 0x7f3f39f55d20>, verb_extension=<colcon_core.verb.build.BuildVerb object at 0x7f3f3a7caad0>, main=<bound method BuildVerb.main of <colcon_core.verb.build.BuildVerb object at 0x7f3f3a7caad0>>)
[0.289s] Level 1:colcon.colcon_core.package_discovery:discover_packages(colcon_meta) check parameters
[0.289s] Level 1:colcon.colcon_core.package_discovery:discover_packages(recursive) check parameters
[0.289s] Level 1:colcon.colcon_core.package_discovery:discover_packages(ignore) check parameters
[0.289s] Level 1:colcon.colcon_core.package_discovery:discover_packages(path) check parameters
[0.289s] Level 1:colcon.colcon_core.package_discovery:discover_packages(colcon_meta) discover
[0.289s] Level 1:colcon.colcon_core.package_discovery:discover_packages(recursive) discover
[0.289s] INFO:colcon.colcon_core.package_discovery:Crawling recursively for packages in '/home/albertomiranda/Documents/github/ponderada3m8/pacote'
[0.289s] Level 1:colcon.colcon_core.package_identification:_identify(.) by extensions ['ignore', 'ignore_ament_install']
[0.290s] Level 1:colcon.colcon_core.package_identification:_identify(.) by extension 'ignore'
[0.290s] Level 1:colcon.colcon_core.package_identification:_identify(.) by extension 'ignore_ament_install'
[0.290s] Level 1:colcon.colcon_core.package_identification:_identify(.) by extensions ['colcon_pkg']
[0.290s] Level 1:colcon.colcon_core.package_identification:_identify(.) by extension 'colcon_pkg'
[0.290s] Level 1:colcon.colcon_core.package_identification:_identify(.) by extensions ['colcon_meta']
[0.290s] Level 1:colcon.colcon_core.package_identification:_identify(.) by extension 'colcon_meta'
[0.290s] Level 1:colcon.colcon_core.package_identification:_identify(.) by extensions ['ros']
[0.290s] Level 1:colcon.colcon_core.package_identification:_identify(.) by extension 'ros'
[0.298s] DEBUG:colcon.colcon_core.package_identification:Package '.' with type 'ros.ament_python' and name 'pacote'
[0.298s] Level 1:colcon.colcon_core.package_discovery:discover_packages(recursive) using defaults
[0.298s] Level 1:colcon.colcon_core.package_discovery:discover_packages(ignore) discover
[0.298s] Level 1:colcon.colcon_core.package_discovery:discover_packages(ignore) using defaults
[0.298s] Level 1:colcon.colcon_core.package_discovery:discover_packages(path) discover
[0.298s] Level 1:colcon.colcon_core.package_discovery:discover_packages(path) using defaults
[0.317s] Level 1:colcon.colcon_core.package_discovery:discover_packages(prefix_path) check parameters
[0.317s] Level 1:colcon.colcon_core.package_discovery:discover_packages(prefix_path) discover
[0.319s] DEBUG:colcon.colcon_installed_package_information.package_discovery:Found 1 installed packages in /home/albertomiranda/Documents/github/ponderada3m8/pacote/install
[0.321s] DEBUG:colcon.colcon_installed_package_information.package_discovery:Found 392 installed packages in /opt/ros/humble
[0.322s] Level 1:colcon.colcon_core.package_discovery:discover_packages(prefix_path) using defaults
[0.364s] Level 5:colcon.colcon_core.verb:set package 'pacote' build argument 'cmake_args' from command line to 'None'
[0.364s] Level 5:colcon.colcon_core.verb:set package 'pacote' build argument 'cmake_target' from command line to 'None'
[0.364s] Level 5:colcon.colcon_core.verb:set package 'pacote' build argument 'cmake_target_skip_unavailable' from command line to 'False'
[0.364s] Level 5:colcon.colcon_core.verb:set package 'pacote' build argument 'cmake_clean_cache' from command line to 'False'
[0.365s] Level 5:colcon.colcon_core.verb:set package 'pacote' build argument 'cmake_clean_first' from command line to 'False'
[0.365s] Level 5:colcon.colcon_core.verb:set package 'pacote' build argument 'cmake_force_configure' from command line to 'False'
[0.365s] Level 5:colcon.colcon_core.verb:set package 'pacote' build argument 'ament_cmake_args' from command line to 'None'
[0.365s] Level 5:colcon.colcon_core.verb:set package 'pacote' build argument 'catkin_cmake_args' from command line to 'None'
[0.365s] Level 5:colcon.colcon_core.verb:set package 'pacote' build argument 'catkin_skip_building_tests' from command line to 'False'
[0.365s] DEBUG:colcon.colcon_core.verb:Building package 'pacote' with the following arguments: {'ament_cmake_args': None, 'build_base': '/home/albertomiranda/Documents/github/ponderada3m8/pacote/build/pacote', 'catkin_cmake_args': None, 'catkin_skip_building_tests': False, 'cmake_args': None, 'cmake_clean_cache': False, 'cmake_clean_first': False, 'cmake_force_configure': False, 'cmake_target': None, 'cmake_target_skip_unavailable': False, 'install_base': '/home/albertomiranda/Documents/github/ponderada3m8/pacote/install/pacote', 'merge_install': False, 'path': '/home/albertomiranda/Documents/github/ponderada3m8/pacote', 'symlink_install': False, 'test_result_base': None}
[0.366s] INFO:colcon.colcon_core.executor:Executing jobs using 'parallel' executor
[0.370s] DEBUG:colcon.colcon_parallel_executor.executor.parallel:run_until_complete
[0.370s] INFO:colcon.colcon_ros.task.ament_python.build:Building ROS package in '/home/albertomiranda/Documents/github/ponderada3m8/pacote' with build type 'ament_python'
[0.370s] Level 1:colcon.colcon_core.shell:create_environment_hook('pacote', 'ament_prefix_path')
[0.374s] INFO:colcon.colcon_core.plugin_system:Skipping extension 'colcon_core.shell.bat': Not used on non-Windows systems
[0.374s] INFO:colcon.colcon_core.shell:Creating environment hook '/home/albertomiranda/Documents/github/ponderada3m8/pacote/install/pacote/share/pacote/hook/ament_prefix_path.ps1'
[0.375s] INFO:colcon.colcon_core.shell:Creating environment descriptor '/home/albertomiranda/Documents/github/ponderada3m8/pacote/install/pacote/share/pacote/hook/ament_prefix_path.dsv'
[0.375s] INFO:colcon.colcon_core.shell:Creating environment hook '/home/albertomiranda/Documents/github/ponderada3m8/pacote/install/pacote/share/pacote/hook/ament_prefix_path.sh'
[0.377s] INFO:colcon.colcon_core.shell:Skip shell extension 'powershell' for command environment: Not usable outside of PowerShell
[0.377s] DEBUG:colcon.colcon_core.shell:Skip shell extension 'dsv' for command environment
[0.596s] INFO:colcon.colcon_core.task.python.build:Building Python package in '/home/albertomiranda/Documents/github/ponderada3m8/pacote'
[0.599s] INFO:colcon.colcon_core.shell:Skip shell extension 'powershell' for command environment: Not usable outside of PowerShell
[0.599s] DEBUG:colcon.colcon_core.shell:Skip shell extension 'dsv' for command environment
[0.910s] DEBUG:colcon.colcon_core.event_handler.log_command:Invoking command in '/home/albertomiranda/Documents/github/ponderada3m8/pacote': PYTHONPATH=/home/albertomiranda/Documents/github/ponderada3m8/pacote/build/pacote/prefix_override:/home/albertomiranda/Documents/github/ponderada3m8/pacote/install/pacote/lib/python3.10/site-packages:${PYTHONPATH} /usr/bin/python3 setup.py egg_info --egg-base build/pacote build --build-base /home/albertomiranda/Documents/github/ponderada3m8/pacote/build/pacote/build install --record /home/albertomiranda/Documents/github/ponderada3m8/pacote/build/pacote/install.log --single-version-externally-managed
[1.147s] DEBUG:colcon.colcon_core.event_handler.log_command:Invoked command in '/home/albertomiranda/Documents/github/ponderada3m8/pacote' returned '0': PYTHONPATH=/home/albertomiranda/Documents/github/ponderada3m8/pacote/build/pacote/prefix_override:/home/albertomiranda/Documents/github/ponderada3m8/pacote/install/pacote/lib/python3.10/site-packages:${PYTHONPATH} /usr/bin/python3 setup.py egg_info --egg-base build/pacote build --build-base /home/albertomiranda/Documents/github/ponderada3m8/pacote/build/pacote/build install --record /home/albertomiranda/Documents/github/ponderada3m8/pacote/build/pacote/install.log --single-version-externally-managed
[1.149s] Level 1:colcon.colcon_core.environment:checking '/home/albertomiranda/Documents/github/ponderada3m8/pacote/install/pacote' for CMake module files
[1.149s] Level 1:colcon.colcon_core.environment:checking '/home/albertomiranda/Documents/github/ponderada3m8/pacote/install/pacote' for CMake config files
[1.150s] Level 1:colcon.colcon_core.environment:checking '/home/albertomiranda/Documents/github/ponderada3m8/pacote/install/pacote/lib'
[1.150s] Level 1:colcon.colcon_core.environment:checking '/home/albertomiranda/Documents/github/ponderada3m8/pacote/install/pacote/bin'
[1.150s] Level 1:colcon.colcon_core.environment:checking '/home/albertomiranda/Documents/github/ponderada3m8/pacote/install/pacote/lib/pkgconfig/pacote.pc'
[1.150s] Level 1:colcon.colcon_core.environment:checking '/home/albertomiranda/Documents/github/ponderada3m8/pacote/install/pacote/lib/python3.10/site-packages'
[1.150s] Level 1:colcon.colcon_core.shell:create_environment_hook('pacote', 'pythonpath')
[1.152s] INFO:colcon.colcon_core.shell:Creating environment hook '/home/albertomiranda/Documents/github/ponderada3m8/pacote/install/pacote/share/pacote/hook/pythonpath.ps1'
[1.152s] INFO:colcon.colcon_core.shell:Creating environment descriptor '/home/albertomiranda/Documents/github/ponderada3m8/pacote/install/pacote/share/pacote/hook/pythonpath.dsv'
[1.152s] INFO:colcon.colcon_core.shell:Creating environment hook '/home/albertomiranda/Documents/github/ponderada3m8/pacote/install/pacote/share/pacote/hook/pythonpath.sh'
[1.153s] Level 1:colcon.colcon_core.environment:checking '/home/albertomiranda/Documents/github/ponderada3m8/pacote/install/pacote/bin'
[1.153s] Level 1:colcon.colcon_core.environment:create_environment_scripts_only(pacote)
[1.154s] INFO:colcon.colcon_core.shell:Creating package script '/home/albertomiranda/Documents/github/ponderada3m8/pacote/install/pacote/share/pacote/package.ps1'
[1.155s] INFO:colcon.colcon_core.shell:Creating package descriptor '/home/albertomiranda/Documents/github/ponderada3m8/pacote/install/pacote/share/pacote/package.dsv'
[1.155s] INFO:colcon.colcon_core.shell:Creating package script '/home/albertomiranda/Documents/github/ponderada3m8/pacote/install/pacote/share/pacote/package.sh'
[1.156s] INFO:colcon.colcon_core.shell:Creating package script '/home/albertomiranda/Documents/github/ponderada3m8/pacote/install/pacote/share/pacote/package.bash'
[1.156s] INFO:colcon.colcon_core.shell:Creating package script '/home/albertomiranda/Documents/github/ponderada3m8/pacote/install/pacote/share/pacote/package.zsh'
[1.156s] Level 1:colcon.colcon_core.environment:create_file_with_runtime_dependencies(/home/albertomiranda/Documents/github/ponderada3m8/pacote/install/pacote/share/colcon-core/packages/pacote)
[1.157s] DEBUG:colcon.colcon_parallel_executor.executor.parallel:closing loop
[1.157s] DEBUG:colcon.colcon_parallel_executor.executor.parallel:loop closed
[1.157s] DEBUG:colcon.colcon_parallel_executor.executor.parallel:run_until_complete finished with '0'
[1.157s] DEBUG:colcon.colcon_core.event_reactor:joining thread
[1.160s] INFO:colcon.colcon_core.plugin_system:Skipping extension 'colcon_notification.desktop_notification.notify_send': Could not find 'notify-send'
[1.160s] INFO:colcon.colcon_core.plugin_system:Skipping extension 'colcon_notification.desktop_notification.terminal_notifier': Not used on non-Darwin systems
[1.160s] INFO:colcon.colcon_core.plugin_system:Skipping extension 'colcon_notification.desktop_notification.win32': Not used on non-Windows systems
[1.160s] INFO:colcon.colcon_notification.desktop_notification:Sending desktop notification using 'notify2'
[1.168s] DEBUG:colcon.colcon_core.event_reactor:joined thread
[1.171s] INFO:colcon.colcon_core.shell:Creating prefix script '/home/albertomiranda/Documents/github/ponderada3m8/pacote/install/local_setup.ps1'
[1.171s] INFO:colcon.colcon_core.shell:Creating prefix util module '/home/albertomiranda/Documents/github/ponderada3m8/pacote/install/_local_setup_util_ps1.py'
[1.172s] INFO:colcon.colcon_core.shell:Creating prefix chain script '/home/albertomiranda/Documents/github/ponderada3m8/pacote/install/setup.ps1'
[1.173s] INFO:colcon.colcon_core.shell:Creating prefix script '/home/albertomiranda/Documents/github/ponderada3m8/pacote/install/local_setup.sh'
[1.174s] INFO:colcon.colcon_core.shell:Creating prefix util module '/home/albertomiranda/Documents/github/ponderada3m8/pacote/install/_local_setup_util_sh.py'
[1.174s] INFO:colcon.colcon_core.shell:Creating prefix chain script '/home/albertomiranda/Documents/github/ponderada3m8/pacote/install/setup.sh'
[1.175s] INFO:colcon.colcon_core.shell:Creating prefix script '/home/albertomiranda/Documents/github/ponderada3m8/pacote/install/local_setup.bash'
[1.175s] INFO:colcon.colcon_core.shell:Creating prefix chain script '/home/albertomiranda/Documents/github/ponderada3m8/pacote/install/setup.bash'
[1.177s] INFO:colcon.colcon_core.shell:Creating prefix script '/home/albertomiranda/Documents/github/ponderada3m8/pacote/install/local_setup.zsh'
[1.177s] INFO:colcon.colcon_core.shell:Creating prefix chain script '/home/albertomiranda/Documents/github/ponderada3m8/pacote/install/setup.zsh'
