[0.538s] Invoking command in '/home/albertomiranda/Documents/github/ponderada3m8/pacote': PYTHONPATH=/home/albertomiranda/Documents/github/ponderada3m8/pacote/build/pacote/prefix_override:/home/albertomiranda/Documents/github/ponderada3m8/pacote/install/pacote/lib/python3.10/site-packages:${PYTHONPATH} /usr/bin/python3 setup.py egg_info --egg-base build/pacote build --build-base /home/albertomiranda/Documents/github/ponderada3m8/pacote/build/pacote/build install --record /home/albertomiranda/Documents/github/ponderada3m8/pacote/build/pacote/install.log --single-version-externally-managed
[0.741s] running egg_info
[0.741s] writing build/pacote/pacote.egg-info/PKG-INFO
[0.742s] writing dependency_links to build/pacote/pacote.egg-info/dependency_links.txt
[0.742s] writing entry points to build/pacote/pacote.egg-info/entry_points.txt
[0.742s] writing requirements to build/pacote/pacote.egg-info/requires.txt
[0.742s] writing top-level names to build/pacote/pacote.egg-info/top_level.txt
[0.743s] reading manifest file 'build/pacote/pacote.egg-info/SOURCES.txt'
[0.743s] writing manifest file 'build/pacote/pacote.egg-info/SOURCES.txt'
[0.743s] running build
[0.744s] running build_py
[0.744s] copying pacote/node.py -> /home/albertomiranda/Documents/github/ponderada3m8/pacote/build/pacote/build/lib/pacote
[0.744s] copying pacote/initial_pose.py -> /home/albertomiranda/Documents/github/ponderada3m8/pacote/build/pacote/build/lib/pacote
[0.744s] running install
[0.744s] /usr/lib/python3/dist-packages/setuptools/command/install.py:34: SetuptoolsDeprecationWarning: setup.py install is deprecated. Use build and pip and other standards-based tools.
[0.744s]   warnings.warn(
[0.744s] running install_lib
[0.745s] copying /home/albertomiranda/Documents/github/ponderada3m8/pacote/build/pacote/build/lib/pacote/node.py -> /home/albertomiranda/Documents/github/ponderada3m8/pacote/install/pacote/lib/python3.10/site-packages/pacote
[0.745s] copying /home/albertomiranda/Documents/github/ponderada3m8/pacote/build/pacote/build/lib/pacote/initial_pose.py -> /home/albertomiranda/Documents/github/ponderada3m8/pacote/install/pacote/lib/python3.10/site-packages/pacote
[0.745s] byte-compiling /home/albertomiranda/Documents/github/ponderada3m8/pacote/install/pacote/lib/python3.10/site-packages/pacote/node.py to node.cpython-310.pyc
[0.746s] byte-compiling /home/albertomiranda/Documents/github/ponderada3m8/pacote/install/pacote/lib/python3.10/site-packages/pacote/initial_pose.py to initial_pose.cpython-310.pyc
[0.746s] running install_data
[0.746s] running install_egg_info
[0.747s] removing '/home/albertomiranda/Documents/github/ponderada3m8/pacote/install/pacote/lib/python3.10/site-packages/pacote-0.0.0-py3.10.egg-info' (and everything under it)
[0.747s] Copying build/pacote/pacote.egg-info to /home/albertomiranda/Documents/github/ponderada3m8/pacote/install/pacote/lib/python3.10/site-packages/pacote-0.0.0-py3.10.egg-info
[0.747s] running install_scripts
[0.760s] Installing node script to /home/albertomiranda/Documents/github/ponderada3m8/pacote/install/pacote/lib/pacote
[0.760s] writing list of installed files to '/home/albertomiranda/Documents/github/ponderada3m8/pacote/build/pacote/install.log'
[0.776s] Invoked command in '/home/albertomiranda/Documents/github/ponderada3m8/pacote' returned '0': PYTHONPATH=/home/albertomiranda/Documents/github/ponderada3m8/pacote/build/pacote/prefix_override:/home/albertomiranda/Documents/github/ponderada3m8/pacote/install/pacote/lib/python3.10/site-packages:${PYTHONPATH} /usr/bin/python3 setup.py egg_info --egg-base build/pacote build --build-base /home/albertomiranda/Documents/github/ponderada3m8/pacote/build/pacote/build install --record /home/albertomiranda/Documents/github/ponderada3m8/pacote/build/pacote/install.log --single-version-externally-managed
